# JRE version: Java(TM) SE Runtime Environment (8.0_201-b09) (build 1.8.0_201-b09)
# Java VM: Java HotSpot(TM) 64-Bit Server VM (25.201-b09 mixed mode windows-amd64 compressed oops)
Heap:
 PSYoungGen      total 110592K, used 20582K [0x00000000d5f80000, 0x00000000e0700000, 0x0000000100000000)
  eden space 99840K, 20% used [0x00000000d5f80000,0x00000000d7399968,0x00000000dc100000)
  from space 10752K, 0% used [0x00000000dc100000,0x00000000dc100000,0x00000000dcb80000)
  to   space 12288K, 0% used [0x00000000dfb00000,0x00000000dfb00000,0x00000000e0700000)
 ParOldGen       total 58368K, used 15119K [0x0000000081e00000, 0x0000000085700000, 0x00000000d5f80000)
  object space 58368K, 25% used [0x0000000081e00000,0x0000000082cc3e68,0x0000000085700000)
 Metaspace       used 37176K, capacity 38854K, committed 39208K, reserved 1083392K
  class space    used 4752K, capacity 5069K, committed 5160K, reserved 1048576K
GC Heap History (10 events):
Event: 0.821 GC heap before
{Heap before GC invocations=5 (full 1):
 PSYoungGen      total 71680K, used 5088K [0x00000000d5f80000, 0x00000000daa80000, 0x0000000100000000)
  eden space 66560K, 0% used [0x00000000d5f80000,0x00000000d5f80000,0x00000000da080000)
  from space 5120K, 99% used [0x00000000da580000,0x00000000daa78088,0x00000000daa80000)
  to   space 5120K, 0% used [0x00000000da080000,0x00000000da080000,0x00000000da580000)
 ParOldGen       total 87552K, used 5258K [0x0000000081e00000, 0x0000000087380000, 0x00000000d5f80000)
  object space 87552K, 6% used [0x0000000081e00000,0x0000000082322ad8,0x0000000087380000)
 Metaspace       used 20682K, capacity 21230K, committed 21296K, reserved 1067008K
  class space    used 2685K, capacity 2831K, committed 2864K, reserved 1048576K
Event: 0.841 GC heap after
Heap after GC invocations=5 (full 1):
 PSYoungGen      total 71680K, used 0K [0x00000000d5f80000, 0x00000000daa80000, 0x0000000100000000)
  eden space 66560K, 0% used [0x00000000d5f80000,0x00000000d5f80000,0x00000000da080000)
  from space 5120K, 0% used [0x00000000da580000,0x00000000da580000,0x00000000daa80000)
  to   space 5120K, 0% used [0x00000000da080000,0x00000000da080000,0x00000000da580000)
 ParOldGen       total 58368K, used 7182K [0x0000000081e00000, 0x0000000085700000, 0x00000000d5f80000)
  object space 58368K, 12% used [0x0000000081e00000,0x0000000082503a78,0x0000000085700000)
 Metaspace       used 20681K, capacity 21224K, committed 21296K, reserved 1067008K
  class space    used 2684K, capacity 2830K, committed 2864K, reserved 1048576K
}
Event: 1.063 GC heap before
{Heap before GC invocations=6 (full 1):
 PSYoungGen      total 71680K, used 66560K [0x00000000d5f80000, 0x00000000daa80000, 0x0000000100000000)
  eden space 66560K, 100% used [0x00000000d5f80000,0x00000000da080000,0x00000000da080000)
  from space 5120K, 0% used [0x00000000da580000,0x00000000da580000,0x00000000daa80000)
  to   space 5120K, 0% used [0x00000000da080000,0x00000000da080000,0x00000000da580000)
 ParOldGen       total 58368K, used 7182K [0x0000000081e00000, 0x0000000085700000, 0x00000000d5f80000)
  object space 58368K, 12% used [0x0000000081e00000,0x0000000082503a78,0x0000000085700000)
 Metaspace       used 23648K, capacity 24436K, committed 24496K, reserved 1071104K
  class space    used 3045K, capacity 3238K, committed 3248K, reserved 1048576K
Event: 1.067 GC heap after
Heap after GC invocations=6 (full 1):
 PSYoungGen      total 71680K, used 4161K [0x00000000d5f80000, 0x00000000dd480000, 0x0000000100000000)
  eden space 66560K, 0% used [0x00000000d5f80000,0x00000000d5f80000,0x00000000da080000)
  from space 5120K, 81% used [0x00000000da080000,0x00000000da490658,0x00000000da580000)
  to   space 8704K, 0% used [0x00000000dcc00000,0x00000000dcc00000,0x00000000dd480000)
 ParOldGen       total 58368K, used 7254K [0x0000000081e00000, 0x0000000085700000, 0x00000000d5f80000)
  object space 58368K, 12% used [0x0000000081e00000,0x0000000082515a88,0x0000000085700000)
 Metaspace       used 23648K, capacity 24436K, committed 24496K, reserved 1071104K
  class space    used 3045K, capacity 3238K, committed 3248K, reserved 1048576K
}
Event: 1.728 GC heap before
{Heap before GC invocations=7 (full 1):
 PSYoungGen      total 71680K, used 70721K [0x00000000d5f80000, 0x00000000dd480000, 0x0000000100000000)
  eden space 66560K, 100% used [0x00000000d5f80000,0x00000000da080000,0x00000000da080000)
  from space 5120K, 81% used [0x00000000da080000,0x00000000da490658,0x00000000da580000)
  to   space 8704K, 0% used [0x00000000dcc00000,0x00000000dcc00000,0x00000000dd480000)
 ParOldGen       total 58368K, used 7254K [0x0000000081e00000, 0x0000000085700000, 0x00000000d5f80000)
  object space 58368K, 12% used [0x0000000081e00000,0x0000000082515a88,0x0000000085700000)
 Metaspace       used 29348K, capacity 30778K, committed 31024K, reserved 1077248K
  class space    used 3847K, capacity 4129K, committed 4144K, reserved 1048576K
Event: 1.736 GC heap after
Heap after GC invocations=7 (full 1):
 PSYoungGen      total 108544K, used 8701K [0x00000000d5f80000, 0x00000000dd600000, 0x0000000100000000)
  eden space 99840K, 0% used [0x00000000d5f80000,0x00000000d5f80000,0x00000000dc100000)
  from space 8704K, 99% used [0x00000000dcc00000,0x00000000dd47f6e0,0x00000000dd480000)
  to   space 10752K, 0% used [0x00000000dc100000,0x00000000dc100000,0x00000000dcb80000)
 ParOldGen       total 58368K, used 8498K [0x0000000081e00000, 0x0000000085700000, 0x00000000d5f80000)
  object space 58368K, 14% used [0x0000000081e00000,0x000000008264c930,0x0000000085700000)
 Metaspace       used 29348K, capacity 30778K, committed 31024K, reserved 1077248K
  class space    used 3847K, capacity 4129K, committed 4144K, reserved 1048576K
}
Event: 2.320 GC heap before
{Heap before GC invocations=8 (full 1):
 PSYoungGen      total 108544K, used 82596K [0x00000000d5f80000, 0x00000000dd600000, 0x0000000100000000)
  eden space 99840K, 74% used [0x00000000d5f80000,0x00000000da7a9b10,0x00000000dc100000)
  from space 8704K, 99% used [0x00000000dcc00000,0x00000000dd47f6e0,0x00000000dd480000)
  to   space 10752K, 0% used [0x00000000dc100000,0x00000000dc100000,0x00000000dcb80000)
 ParOldGen       total 58368K, used 8498K [0x0000000081e00000, 0x0000000085700000, 0x00000000d5f80000)
  object space 58368K, 14% used [0x0000000081e00000,0x000000008264c930,0x0000000085700000)
 Metaspace       used 33784K, capacity 35364K, committed 35496K, reserved 1079296K
  class space    used 4355K, capacity 4666K, committed 4776K, reserved 1048576K
Event: 2.329 GC heap after
Heap after GC invocations=8 (full 1):
 PSYoungGen      total 110592K, used 10728K [0x00000000d5f80000, 0x00000000e0700000, 0x0000000100000000)
  eden space 99840K, 0% used [0x00000000d5f80000,0x00000000d5f80000,0x00000000dc100000)
  from space 10752K, 99% used [0x00000000dc100000,0x00000000dcb7a088,0x00000000dcb80000)
  to   space 12288K, 0% used [0x00000000dfb00000,0x00000000dfb00000,0x00000000e0700000)
 ParOldGen       total 58368K, used 9027K [0x0000000081e00000, 0x0000000085700000, 0x00000000d5f80000)
  object space 58368K, 15% used [0x0000000081e00000,0x00000000826d0f78,0x0000000085700000)
 Metaspace       used 33784K, capacity 35364K, committed 35496K, reserved 1079296K
  class space    used 4355K, capacity 4666K, committed 4776K, reserved 1048576K
}
Event: 2.329 GC heap before
{Heap before GC invocations=9 (full 2):
 PSYoungGen      total 110592K, used 10728K [0x00000000d5f80000, 0x00000000e0700000, 0x0000000100000000)
  eden space 99840K, 0% used [0x00000000d5f80000,0x00000000d5f80000,0x00000000dc100000)
  from space 10752K, 99% used [0x00000000dc100000,0x00000000dcb7a088,0x00000000dcb80000)
  to   space 12288K, 0% used [0x00000000dfb00000,0x00000000dfb00000,0x00000000e0700000)
 ParOldGen       total 58368K, used 9027K [0x0000000081e00000, 0x0000000085700000, 0x00000000d5f80000)
  object space 58368K, 15% used [0x0000000081e00000,0x00000000826d0f78,0x0000000085700000)
 Metaspace       used 33784K, capacity 35364K, committed 35496K, reserved 1079296K
  class space    used 4355K, capacity 4666K, committed 4776K, reserved 1048576K
Event: 2.374 GC heap after
Heap after GC invocations=9 (full 2):
 PSYoungGen      total 110592K, used 0K [0x00000000d5f80000, 0x00000000e0700000, 0x0000000100000000)
  eden space 99840K, 0% used [0x00000000d5f80000,0x00000000d5f80000,0x00000000dc100000)
  from space 10752K, 0% used [0x00000000dc100000,0x00000000dc100000,0x00000000dcb80000)
  to   space 12288K, 0% used [0x00000000dfb00000,0x00000000dfb00000,0x00000000e0700000)
 ParOldGen       total 58368K, used 15119K [0x0000000081e00000, 0x0000000085700000, 0x00000000d5f80000)
  object space 58368K, 25% used [0x0000000081e00000,0x0000000082cc3e68,0x0000000085700000)
 Metaspace       used 33784K, capacity 35364K, committed 35496K, reserved 1079296K
  class space    used 4355K, capacity 4666K, committed 4776K, reserved 1048576K
}

