# JRE version: Java(TM) SE Runtime Environment (8.0_201-b09) (build 1.8.0_201-b09)
# Java VM: Java HotSpot(TM) 64-Bit Server VM (25.201-b09 mixed mode windows-amd64 compressed oops)
Heap:
 PSYoungGen      total 111104K, used 24960K [0x00000000d5f80000, 0x00000000e0880000, 0x0000000100000000)
  eden space 100352K, 24% used [0x00000000d5f80000,0x00000000d77e0328,0x00000000dc180000)
  from space 10752K, 0% used [0x00000000dc180000,0x00000000dc180000,0x00000000dcc00000)
  to   space 12288K, 0% used [0x00000000dfc80000,0x00000000dfc80000,0x00000000e0880000)
 ParOldGen       total 58368K, used 15101K [0x0000000081e00000, 0x0000000085700000, 0x00000000d5f80000)
  object space 58368K, 25% used [0x0000000081e00000,0x0000000082cbf5b8,0x0000000085700000)
 Metaspace       used 37792K, capacity 39488K, committed 39592K, reserved 1083392K
  class space    used 4880K, capacity 5196K, committed 5288K, reserved 1048576K
GC Heap History (10 events):
Event: 0.824 GC heap before
{Heap before GC invocations=5 (full 1):
 PSYoungGen      total 71680K, used 5115K [0x00000000d5f80000, 0x00000000daa80000, 0x0000000100000000)
  eden space 66560K, 0% used [0x00000000d5f80000,0x00000000d5f80000,0x00000000da080000)
  from space 5120K, 99% used [0x00000000da580000,0x00000000daa7ee18,0x00000000daa80000)
  to   space 5120K, 0% used [0x00000000da080000,0x00000000da080000,0x00000000da580000)
 ParOldGen       total 87552K, used 5361K [0x0000000081e00000, 0x0000000087380000, 0x00000000d5f80000)
  object space 87552K, 6% used [0x0000000081e00000,0x000000008233c5c8,0x0000000087380000)
 Metaspace       used 20662K, capacity 21234K, committed 21296K, reserved 1067008K
  class space    used 2681K, capacity 2831K, committed 2864K, reserved 1048576K
Event: 0.844 GC heap after
Heap after GC invocations=5 (full 1):
 PSYoungGen      total 71680K, used 0K [0x00000000d5f80000, 0x00000000daa80000, 0x0000000100000000)
  eden space 66560K, 0% used [0x00000000d5f80000,0x00000000d5f80000,0x00000000da080000)
  from space 5120K, 0% used [0x00000000da580000,0x00000000da580000,0x00000000daa80000)
  to   space 5120K, 0% used [0x00000000da080000,0x00000000da080000,0x00000000da580000)
 ParOldGen       total 58368K, used 7192K [0x0000000081e00000, 0x0000000085700000, 0x00000000d5f80000)
  object space 58368K, 12% used [0x0000000081e00000,0x00000000825061f8,0x0000000085700000)
 Metaspace       used 20661K, capacity 21228K, committed 21296K, reserved 1067008K
  class space    used 2680K, capacity 2830K, committed 2864K, reserved 1048576K
}
Event: 1.068 GC heap before
{Heap before GC invocations=6 (full 1):
 PSYoungGen      total 71680K, used 66560K [0x00000000d5f80000, 0x00000000daa80000, 0x0000000100000000)
  eden space 66560K, 100% used [0x00000000d5f80000,0x00000000da080000,0x00000000da080000)
  from space 5120K, 0% used [0x00000000da580000,0x00000000da580000,0x00000000daa80000)
  to   space 5120K, 0% used [0x00000000da080000,0x00000000da080000,0x00000000da580000)
 ParOldGen       total 58368K, used 7192K [0x0000000081e00000, 0x0000000085700000, 0x00000000d5f80000)
  object space 58368K, 12% used [0x0000000081e00000,0x00000000825061f8,0x0000000085700000)
 Metaspace       used 23657K, capacity 24394K, committed 24496K, reserved 1071104K
  class space    used 3045K, capacity 3243K, committed 3248K, reserved 1048576K
Event: 1.071 GC heap after
Heap after GC invocations=6 (full 1):
 PSYoungGen      total 71680K, used 4128K [0x00000000d5f80000, 0x00000000dd500000, 0x0000000100000000)
  eden space 66560K, 0% used [0x00000000d5f80000,0x00000000d5f80000,0x00000000da080000)
  from space 5120K, 80% used [0x00000000da080000,0x00000000da488050,0x00000000da580000)
  to   space 8704K, 0% used [0x00000000dcc80000,0x00000000dcc80000,0x00000000dd500000)
 ParOldGen       total 58368K, used 7264K [0x0000000081e00000, 0x0000000085700000, 0x00000000d5f80000)
  object space 58368K, 12% used [0x0000000081e00000,0x0000000082518208,0x0000000085700000)
 Metaspace       used 23657K, capacity 24394K, committed 24496K, reserved 1071104K
  class space    used 3045K, capacity 3243K, committed 3248K, reserved 1048576K
}
Event: 1.777 GC heap before
{Heap before GC invocations=7 (full 1):
 PSYoungGen      total 71680K, used 70688K [0x00000000d5f80000, 0x00000000dd500000, 0x0000000100000000)
  eden space 66560K, 100% used [0x00000000d5f80000,0x00000000da080000,0x00000000da080000)
  from space 5120K, 80% used [0x00000000da080000,0x00000000da488050,0x00000000da580000)
  to   space 8704K, 0% used [0x00000000dcc80000,0x00000000dcc80000,0x00000000dd500000)
 ParOldGen       total 58368K, used 7264K [0x0000000081e00000, 0x0000000085700000, 0x00000000d5f80000)
  object space 58368K, 12% used [0x0000000081e00000,0x0000000082518208,0x0000000085700000)
 Metaspace       used 29385K, capacity 30858K, committed 31024K, reserved 1077248K
  class space    used 3842K, capacity 4129K, committed 4144K, reserved 1048576K
Event: 1.785 GC heap after
Heap after GC invocations=7 (full 1):
 PSYoungGen      total 109056K, used 8685K [0x00000000d5f80000, 0x00000000dd680000, 0x0000000100000000)
  eden space 100352K, 0% used [0x00000000d5f80000,0x00000000d5f80000,0x00000000dc180000)
  from space 8704K, 99% used [0x00000000dcc80000,0x00000000dd4fb5e0,0x00000000dd500000)
  to   space 10752K, 0% used [0x00000000dc180000,0x00000000dc180000,0x00000000dcc00000)
 ParOldGen       total 58368K, used 8636K [0x0000000081e00000, 0x0000000085700000, 0x00000000d5f80000)
  object space 58368K, 14% used [0x0000000081e00000,0x000000008266f240,0x0000000085700000)
 Metaspace       used 29385K, capacity 30858K, committed 31024K, reserved 1077248K
  class space    used 3842K, capacity 4129K, committed 4144K, reserved 1048576K
}
Event: 2.351 GC heap before
{Heap before GC invocations=8 (full 1):
 PSYoungGen      total 109056K, used 82011K [0x00000000d5f80000, 0x00000000dd680000, 0x0000000100000000)
  eden space 100352K, 73% used [0x00000000d5f80000,0x00000000da71b9d8,0x00000000dc180000)
  from space 8704K, 99% used [0x00000000dcc80000,0x00000000dd4fb5e0,0x00000000dd500000)
  to   space 10752K, 0% used [0x00000000dc180000,0x00000000dc180000,0x00000000dcc00000)
 ParOldGen       total 58368K, used 8636K [0x0000000081e00000, 0x0000000085700000, 0x00000000d5f80000)
  object space 58368K, 14% used [0x0000000081e00000,0x000000008266f240,0x0000000085700000)
 Metaspace       used 33777K, capacity 35364K, committed 35496K, reserved 1079296K
  class space    used 4346K, capacity 4666K, committed 4776K, reserved 1048576K
Event: 2.360 GC heap after
Heap after GC invocations=8 (full 1):
 PSYoungGen      total 111104K, used 10736K [0x00000000d5f80000, 0x00000000e0880000, 0x0000000100000000)
  eden space 100352K, 0% used [0x00000000d5f80000,0x00000000d5f80000,0x00000000dc180000)
  from space 10752K, 99% used [0x00000000dc180000,0x00000000dcbfc3b8,0x00000000dcc00000)
  to   space 12288K, 0% used [0x00000000dfc80000,0x00000000dfc80000,0x00000000e0880000)
 ParOldGen       total 58368K, used 9017K [0x0000000081e00000, 0x0000000085700000, 0x00000000d5f80000)
  object space 58368K, 15% used [0x0000000081e00000,0x00000000826ce480,0x0000000085700000)
 Metaspace       used 33777K, capacity 35364K, committed 35496K, reserved 1079296K
  class space    used 4346K, capacity 4666K, committed 4776K, reserved 1048576K
}
Event: 2.360 GC heap before
{Heap before GC invocations=9 (full 2):
 PSYoungGen      total 111104K, used 10736K [0x00000000d5f80000, 0x00000000e0880000, 0x0000000100000000)
  eden space 100352K, 0% used [0x00000000d5f80000,0x00000000d5f80000,0x00000000dc180000)
  from space 10752K, 99% used [0x00000000dc180000,0x00000000dcbfc3b8,0x00000000dcc00000)
  to   space 12288K, 0% used [0x00000000dfc80000,0x00000000dfc80000,0x00000000e0880000)
 ParOldGen       total 58368K, used 9017K [0x0000000081e00000, 0x0000000085700000, 0x00000000d5f80000)
  object space 58368K, 15% used [0x0000000081e00000,0x00000000826ce480,0x0000000085700000)
 Metaspace       used 33777K, capacity 35364K, committed 35496K, reserved 1079296K
  class space    used 4346K, capacity 4666K, committed 4776K, reserved 1048576K
Event: 2.405 GC heap after
Heap after GC invocations=9 (full 2):
 PSYoungGen      total 111104K, used 0K [0x00000000d5f80000, 0x00000000e0880000, 0x0000000100000000)
  eden space 100352K, 0% used [0x00000000d5f80000,0x00000000d5f80000,0x00000000dc180000)
  from space 10752K, 0% used [0x00000000dc180000,0x00000000dc180000,0x00000000dcc00000)
  to   space 12288K, 0% used [0x00000000dfc80000,0x00000000dfc80000,0x00000000e0880000)
 ParOldGen       total 58368K, used 15101K [0x0000000081e00000, 0x0000000085700000, 0x00000000d5f80000)
  object space 58368K, 25% used [0x0000000081e00000,0x0000000082cbf5b8,0x0000000085700000)
 Metaspace       used 33777K, capacity 35364K, committed 35496K, reserved 1079296K
  class space    used 4346K, capacity 4666K, committed 4776K, reserved 1048576K
}

